2024-09-04 21:18:04 - kfold_train_test.kfold_train_save_emu - INFO - 'Pb_Pb_2760_Grad_datasets' already exists. Skipping k-fold dataset generation.
To regenerate datasets, set regenerate=True. WARNING: This will remove all contents, including saved emulators, inside 'Pb_Pb_2760_Grad_datasets'.

2024-09-04 21:18:04 - kfold_train_test.kfold_train_save_emu - INFO - Training and saving emulators on k-fold training data in 'examples/heavy_ion/kfold_train_test/Pb_Pb_2760_Grad_datasets/kfold_set0/train'>>>>

2024-09-04 21:18:04 - kfold_train_test.kfold_train_save_emu - INFO - Emulator 'PCGP' already exists at 'examples/heavy_ion/kfold_train_test/Pb_Pb_2760_Grad_datasets/kfold_set0/emulator_PCGP.dill.gz'. Skipping training. Set retrain=True to retrain emulator.

2024-09-04 21:18:04 - kfold_train_test.kfold_train_save_emu - INFO - Emulator 'PCGP_scikit' already exists at 'examples/heavy_ion/kfold_train_test/Pb_Pb_2760_Grad_datasets/kfold_set0/emulator_PCGP_scikit.dill.gz'. Skipping training. Set retrain=True to retrain emulator.

2024-09-04 21:35:54 - kfold_train_test.kfold_train_save_emu - INFO - Emulator 'PCSK' trained and saved at 'examples/heavy_ion/kfold_train_test/Pb_Pb_2760_Grad_datasets/kfold_set0/emulator_PCSK.dill.gz'

2024-09-04 21:35:54 - kfold_train_test.kfold_train_save_emu - INFO - Emulator 'AKSGP' already exists at 'examples/heavy_ion/kfold_train_test/Pb_Pb_2760_Grad_datasets/kfold_set0/emulator_AKSGP.dill.gz'. Skipping training. Set retrain=True to retrain emulator.

2024-09-04 21:35:54 - kfold_train_test.kfold_train_save_emu - INFO - Training and saving emulators on k-fold training data in 'examples/heavy_ion/kfold_train_test/Pb_Pb_2760_Grad_datasets/kfold_set1/train'>>>>

2024-09-04 21:35:54 - kfold_train_test.kfold_train_save_emu - INFO - Emulator 'PCGP' already exists at 'examples/heavy_ion/kfold_train_test/Pb_Pb_2760_Grad_datasets/kfold_set1/emulator_PCGP.dill.gz'. Skipping training. Set retrain=True to retrain emulator.

2024-09-04 21:35:54 - kfold_train_test.kfold_train_save_emu - INFO - Emulator 'PCGP_scikit' already exists at 'examples/heavy_ion/kfold_train_test/Pb_Pb_2760_Grad_datasets/kfold_set1/emulator_PCGP_scikit.dill.gz'. Skipping training. Set retrain=True to retrain emulator.

2024-09-04 21:55:50 - kfold_train_test.kfold_train_save_emu - INFO - Emulator 'PCSK' trained and saved at 'examples/heavy_ion/kfold_train_test/Pb_Pb_2760_Grad_datasets/kfold_set1/emulator_PCSK.dill.gz'

2024-09-04 21:55:50 - kfold_train_test.kfold_train_save_emu - INFO - Emulator 'AKSGP' already exists at 'examples/heavy_ion/kfold_train_test/Pb_Pb_2760_Grad_datasets/kfold_set1/emulator_AKSGP.dill.gz'. Skipping training. Set retrain=True to retrain emulator.

2024-09-04 21:55:50 - kfold_train_test.kfold_train_save_emu - INFO - Training and saving emulators on k-fold training data in 'examples/heavy_ion/kfold_train_test/Pb_Pb_2760_Grad_datasets/kfold_set2/train'>>>>

2024-09-04 21:55:50 - kfold_train_test.kfold_train_save_emu - INFO - Emulator 'PCGP' already exists at 'examples/heavy_ion/kfold_train_test/Pb_Pb_2760_Grad_datasets/kfold_set2/emulator_PCGP.dill.gz'. Skipping training. Set retrain=True to retrain emulator.

2024-09-04 21:55:50 - kfold_train_test.kfold_train_save_emu - INFO - Emulator 'PCGP_scikit' already exists at 'examples/heavy_ion/kfold_train_test/Pb_Pb_2760_Grad_datasets/kfold_set2/emulator_PCGP_scikit.dill.gz'. Skipping training. Set retrain=True to retrain emulator.

2024-09-04 22:16:08 - kfold_train_test.kfold_train_save_emu - INFO - Emulator 'PCSK' trained and saved at 'examples/heavy_ion/kfold_train_test/Pb_Pb_2760_Grad_datasets/kfold_set2/emulator_PCSK.dill.gz'

2024-09-04 22:16:08 - kfold_train_test.kfold_train_save_emu - INFO - Emulator 'AKSGP' already exists at 'examples/heavy_ion/kfold_train_test/Pb_Pb_2760_Grad_datasets/kfold_set2/emulator_AKSGP.dill.gz'. Skipping training. Set retrain=True to retrain emulator.

2024-09-04 22:16:08 - kfold_train_test.kfold_train_save_emu - INFO - Training and saving emulators on k-fold training data in 'examples/heavy_ion/kfold_train_test/Pb_Pb_2760_Grad_datasets/kfold_set3/train'>>>>

2024-09-04 22:16:08 - kfold_train_test.kfold_train_save_emu - INFO - Emulator 'PCGP' already exists at 'examples/heavy_ion/kfold_train_test/Pb_Pb_2760_Grad_datasets/kfold_set3/emulator_PCGP.dill.gz'. Skipping training. Set retrain=True to retrain emulator.

2024-09-04 22:16:08 - kfold_train_test.kfold_train_save_emu - INFO - Emulator 'PCGP_scikit' already exists at 'examples/heavy_ion/kfold_train_test/Pb_Pb_2760_Grad_datasets/kfold_set3/emulator_PCGP_scikit.dill.gz'. Skipping training. Set retrain=True to retrain emulator.

2024-09-04 22:54:44 - kfold_train_test.kfold_train_save_emu - INFO - Emulator 'PCSK' trained and saved at 'examples/heavy_ion/kfold_train_test/Pb_Pb_2760_Grad_datasets/kfold_set3/emulator_PCSK.dill.gz'

2024-09-04 22:54:44 - kfold_train_test.kfold_train_save_emu - INFO - Emulator 'AKSGP' already exists at 'examples/heavy_ion/kfold_train_test/Pb_Pb_2760_Grad_datasets/kfold_set3/emulator_AKSGP.dill.gz'. Skipping training. Set retrain=True to retrain emulator.

2024-09-04 22:54:44 - kfold_train_test.kfold_train_save_emu - INFO - Training and saving emulators on k-fold training data in 'examples/heavy_ion/kfold_train_test/Pb_Pb_2760_Grad_datasets/kfold_set4/train'>>>>

2024-09-04 22:54:44 - kfold_train_test.kfold_train_save_emu - INFO - Emulator 'PCGP' already exists at 'examples/heavy_ion/kfold_train_test/Pb_Pb_2760_Grad_datasets/kfold_set4/emulator_PCGP.dill.gz'. Skipping training. Set retrain=True to retrain emulator.

2024-09-04 22:54:44 - kfold_train_test.kfold_train_save_emu - INFO - Emulator 'PCGP_scikit' already exists at 'examples/heavy_ion/kfold_train_test/Pb_Pb_2760_Grad_datasets/kfold_set4/emulator_PCGP_scikit.dill.gz'. Skipping training. Set retrain=True to retrain emulator.

2024-09-04 23:14:31 - kfold_train_test.kfold_train_save_emu - INFO - Emulator 'PCSK' trained and saved at 'examples/heavy_ion/kfold_train_test/Pb_Pb_2760_Grad_datasets/kfold_set4/emulator_PCSK.dill.gz'

2024-09-04 23:14:31 - kfold_train_test.kfold_train_save_emu - INFO - Emulator 'AKSGP' already exists at 'examples/heavy_ion/kfold_train_test/Pb_Pb_2760_Grad_datasets/kfold_set4/emulator_AKSGP.dill.gz'. Skipping training. Set retrain=True to retrain emulator.

2024-09-04 23:14:31 - kfold_train_test.kfold_train_save_emu - INFO - All k-fold datasets processed and all emulators trained.

2024-09-04 23:14:40 - kfold_train_test.kfold_test_emu - INFO - Metrics for k-fold set 0 >>>>>>

2024-09-04 23:14:40 - kfold_train_test.kfold_test_emu - INFO - Method       Empirical Coverage          RMSE           NRMSE        KL Divergence   Hellinger Distance   Wasserstein Distance
2024-09-04 23:14:40 - kfold_train_test.kfold_test_emu - INFO - ------------------------------------------------------------------------------------------------------------------------------
2024-09-04 23:14:40 - kfold_train_test.kfold_test_emu - INFO - PCGP         0.944330, 0.852566        0.235302        0.048277        71.860979         0.679424             0.254770            
2024-09-04 23:14:40 - kfold_train_test.kfold_test_emu - INFO - PCGP_scikit  0.986692, 1.479771        0.264788        0.054109        163.985439        0.735269             0.396318            
2024-09-04 23:14:40 - kfold_train_test.kfold_test_emu - INFO - PCSK         0.913683, 0.868141        0.256231        0.052890        84.524720         0.689777             0.271530            
2024-09-04 23:14:40 - kfold_train_test.kfold_test_emu - INFO - AKSGP        0.894096, 0.778185        0.268473        0.055588        73.212808         0.671418             0.253056            
2024-09-04 23:14:40 - kfold_train_test.kfold_test_emu - INFO - 

2024-09-04 23:14:49 - kfold_train_test.kfold_test_emu - INFO - Metrics for k-fold set 1 >>>>>>

2024-09-04 23:14:49 - kfold_train_test.kfold_test_emu - INFO - Method       Empirical Coverage          RMSE           NRMSE        KL Divergence   Hellinger Distance   Wasserstein Distance
2024-09-04 23:14:49 - kfold_train_test.kfold_test_emu - INFO - ------------------------------------------------------------------------------------------------------------------------------
2024-09-04 23:14:49 - kfold_train_test.kfold_test_emu - INFO - PCGP         0.932427, 0.866190        0.249688        0.051783        75.755760         0.686024             0.262744            
2024-09-04 23:14:49 - kfold_train_test.kfold_test_emu - INFO - PCGP_scikit  0.978351, 1.479521        0.289869        0.060300        179.984755        0.741665             0.407820            
2024-09-04 23:14:49 - kfold_train_test.kfold_test_emu - INFO - PCSK         0.911528, 0.889626        0.272232        0.056624        91.572954         0.696040             0.281990            
2024-09-04 23:14:49 - kfold_train_test.kfold_test_emu - INFO - AKSGP        0.885942, 0.760122        0.269678        0.056358        76.009579         0.675941             0.253706            
2024-09-04 23:14:49 - kfold_train_test.kfold_test_emu - INFO - 

2024-09-04 23:14:58 - kfold_train_test.kfold_test_emu - INFO - Metrics for k-fold set 2 >>>>>>

2024-09-04 23:14:58 - kfold_train_test.kfold_test_emu - INFO - Method       Empirical Coverage          RMSE           NRMSE        KL Divergence   Hellinger Distance   Wasserstein Distance
2024-09-04 23:14:58 - kfold_train_test.kfold_test_emu - INFO - ------------------------------------------------------------------------------------------------------------------------------
2024-09-04 23:14:58 - kfold_train_test.kfold_test_emu - INFO - PCGP         0.938051, 0.956914        0.262434        0.054097        89.058756         0.689924             0.288144            
2024-09-04 23:14:58 - kfold_train_test.kfold_test_emu - INFO - PCGP_scikit  0.989035, 1.696906        0.301222        0.062283        214.963513        0.746700             0.457778            
2024-09-04 23:14:58 - kfold_train_test.kfold_test_emu - INFO - PCSK         0.917994, 0.981724        0.279314        0.057514        100.836056        0.699012             0.305966            
2024-09-04 23:14:58 - kfold_train_test.kfold_test_emu - INFO - AKSGP        0.880506, 0.813164        0.268418        0.056027        66.721039         0.679062             0.267789            
2024-09-04 23:14:58 - kfold_train_test.kfold_test_emu - INFO - 

2024-09-04 23:15:07 - kfold_train_test.kfold_test_emu - INFO - Metrics for k-fold set 3 >>>>>>

2024-09-04 23:15:07 - kfold_train_test.kfold_test_emu - INFO - Method       Empirical Coverage          RMSE           NRMSE        KL Divergence   Hellinger Distance   Wasserstein Distance
2024-09-04 23:15:07 - kfold_train_test.kfold_test_emu - INFO - ------------------------------------------------------------------------------------------------------------------------------
2024-09-04 23:15:07 - kfold_train_test.kfold_test_emu - INFO - PCGP         0.926242, 0.883346        0.253498        0.052285        77.586861         0.685232             0.274453            
2024-09-04 23:15:07 - kfold_train_test.kfold_test_emu - INFO - PCGP_scikit  0.982662, 1.555792        0.283729        0.058842        176.381287        0.738848             0.424438            
2024-09-04 23:15:07 - kfold_train_test.kfold_test_emu - INFO - PCSK         0.896720, 0.902578        0.285811        0.059711        95.205649         0.695853             0.297613            
2024-09-04 23:15:07 - kfold_train_test.kfold_test_emu - INFO - AKSGP        0.883974, 0.764931        0.266575        0.055275        60.371066         0.675064             0.257476            
2024-09-04 23:15:07 - kfold_train_test.kfold_test_emu - INFO - 

2024-09-04 23:15:15 - kfold_train_test.kfold_test_emu - INFO - Metrics for k-fold set 4 >>>>>>

2024-09-04 23:15:15 - kfold_train_test.kfold_test_emu - INFO - Method       Empirical Coverage          RMSE           NRMSE        KL Divergence   Hellinger Distance   Wasserstein Distance
2024-09-04 23:15:15 - kfold_train_test.kfold_test_emu - INFO - ------------------------------------------------------------------------------------------------------------------------------
2024-09-04 23:15:15 - kfold_train_test.kfold_test_emu - INFO - PCGP         0.944892, 0.901658        0.245954        0.052194        80.895839         0.692355             0.272042            
2024-09-04 23:15:15 - kfold_train_test.kfold_test_emu - INFO - PCGP_scikit  0.986317, 1.579022        0.278735        0.059667        193.208628        0.745731             0.424706            
2024-09-04 23:15:15 - kfold_train_test.kfold_test_emu - INFO - PCSK         0.918463, 0.928778        0.273315        0.058260        100.085326        0.701744             0.293905            
2024-09-04 23:15:15 - kfold_train_test.kfold_test_emu - INFO - AKSGP        0.895783, 0.792385        0.261596        0.055633        78.320712         0.680336             0.258919            
2024-09-04 23:15:15 - kfold_train_test.kfold_test_emu - INFO - 

